<?xml version="1.0" encoding="utf-8"?>
<coverage line-rate="1" branch-rate="1" version="1.9" timestamp="1633538256" lines-covered="53" lines-valid="53" branches-covered="0" branches-valid="0">
  <sources>
    <source>C:\ADO\TeamConnect\Solutions\TransactionsPortal\ReportByTransactionType\Report.TransactionType.Service\</source>
  </sources>
  <packages>
    <package name="Report.TransactionType.Service" line-rate="1" branch-rate="1" complexity="10">
      <classes>
        <class name="Report.TransactionType.Service.NumberDataItem" filename="NumberDataItem.cs" line-rate="1" branch-rate="1" complexity="3">
          <methods>
            <method name="get_Name" signature="()" line-rate="1" branch-rate="1" complexity="1">
              <lines>
                <line number="14" hits="23" branch="False" />
              </lines>
            </method>
            <method name="get_Number" signature="()" line-rate="1" branch-rate="1" complexity="1">
              <lines>
                <line number="15" hits="23" branch="False" />
              </lines>
            </method>
            <method name=".ctor" signature="(System.String,System.Int32)" line-rate="1" branch-rate="1" complexity="1">
              <lines>
                <line number="9" hits="22" branch="False" />
                <line number="10" hits="22" branch="False" />
                <line number="11" hits="22" branch="False" />
                <line number="12" hits="22" branch="False" />
                <line number="13" hits="22" branch="False" />
              </lines>
            </method>
          </methods>
          <lines>
            <line number="14" hits="23" branch="False" />
            <line number="15" hits="23" branch="False" />
            <line number="9" hits="22" branch="False" />
            <line number="10" hits="22" branch="False" />
            <line number="11" hits="22" branch="False" />
            <line number="12" hits="22" branch="False" />
            <line number="13" hits="22" branch="False" />
          </lines>
        </class>
        <class name="Report.TransactionType.Service.ReportItem" filename="ReportItem.cs" line-rate="1" branch-rate="1" complexity="3">
          <methods>
            <method name="get_DateString" signature="()" line-rate="1" branch-rate="1" complexity="1">
              <lines>
                <line number="7" hits="3" branch="False" />
              </lines>
            </method>
            <method name="get_Title" signature="()" line-rate="1" branch-rate="1" complexity="1">
              <lines>
                <line number="8" hits="4" branch="False" />
              </lines>
            </method>
            <method name="get_DataItems" signature="()" line-rate="1" branch-rate="1" complexity="1">
              <lines>
                <line number="9" hits="6" branch="False" />
              </lines>
            </method>
          </methods>
          <lines>
            <line number="7" hits="3" branch="False" />
            <line number="8" hits="4" branch="False" />
            <line number="9" hits="6" branch="False" />
          </lines>
        </class>
        <class name="Report.TransactionType.Service.ServiceFactory" filename="ServiceFactory.cs" line-rate="1" branch-rate="1" complexity="3">
          <methods>
            <method name="ConfigureServices" signature="(Microsoft.Extensions.DependencyInjection.IServiceCollection)" line-rate="1" branch-rate="1" complexity="1">
              <lines>
                <line number="18" hits="1" branch="False" />
                <line number="19" hits="1" branch="False" />
                <line number="20" hits="1" branch="False" />
              </lines>
            </method>
            <method name="GetReportTransactionTypeService" signature="()" line-rate="1" branch-rate="1" complexity="1">
              <lines>
                <line number="23" hits="1" branch="False" />
                <line number="24" hits="1" branch="False" />
                <line number="25" hits="1" branch="False" />
              </lines>
            </method>
            <method name=".ctor" signature="()" line-rate="1" branch-rate="1" complexity="1">
              <lines>
                <line number="10" hits="1" branch="False" />
                <line number="11" hits="1" branch="False" />
                <line number="12" hits="1" branch="False" />
                <line number="13" hits="1" branch="False" />
                <line number="14" hits="1" branch="False" />
                <line number="15" hits="1" branch="False" />
              </lines>
            </method>
          </methods>
          <lines>
            <line number="18" hits="1" branch="False" />
            <line number="19" hits="1" branch="False" />
            <line number="20" hits="1" branch="False" />
            <line number="23" hits="1" branch="False" />
            <line number="24" hits="1" branch="False" />
            <line number="25" hits="1" branch="False" />
            <line number="10" hits="1" branch="False" />
            <line number="11" hits="1" branch="False" />
            <line number="12" hits="1" branch="False" />
            <line number="13" hits="1" branch="False" />
            <line number="14" hits="1" branch="False" />
            <line number="15" hits="1" branch="False" />
          </lines>
        </class>
        <class name="Report.TransactionType.Service.Impl.ReportTransactionTypeServiceManagerInMemory" filename="Impl\ReportTransactionTypeServiceManagerInMemory.cs" line-rate="1" branch-rate="1" complexity="1">
          <methods>
            <method name="GetCountByTransactionType" signature="(System.DateTime)" line-rate="1" branch-rate="1" complexity="1">
              <lines>
                <line number="9" hits="1" branch="False" />
                <line number="10" hits="1" branch="False" />
                <line number="11" hits="1" branch="False" />
                <line number="12" hits="1" branch="False" />
                <line number="13" hits="1" branch="False" />
                <line number="14" hits="1" branch="False" />
                <line number="15" hits="1" branch="False" />
                <line number="16" hits="1" branch="False" />
                <line number="17" hits="1" branch="False" />
                <line number="18" hits="1" branch="False" />
                <line number="19" hits="1" branch="False" />
                <line number="20" hits="1" branch="False" />
                <line number="21" hits="1" branch="False" />
                <line number="22" hits="1" branch="False" />
                <line number="23" hits="1" branch="False" />
                <line number="24" hits="1" branch="False" />
                <line number="25" hits="1" branch="False" />
                <line number="26" hits="1" branch="False" />
                <line number="27" hits="1" branch="False" />
                <line number="28" hits="1" branch="False" />
                <line number="29" hits="1" branch="False" />
                <line number="30" hits="1" branch="False" />
                <line number="31" hits="1" branch="False" />
                <line number="32" hits="1" branch="False" />
                <line number="33" hits="1" branch="False" />
                <line number="34" hits="1" branch="False" />
                <line number="35" hits="1" branch="False" />
                <line number="36" hits="1" branch="False" />
                <line number="37" hits="1" branch="False" />
                <line number="38" hits="1" branch="False" />
                <line number="39" hits="1" branch="False" />
              </lines>
            </method>
          </methods>
          <lines>
            <line number="9" hits="1" branch="False" />
            <line number="10" hits="1" branch="False" />
            <line number="11" hits="1" branch="False" />
            <line number="12" hits="1" branch="False" />
            <line number="13" hits="1" branch="False" />
            <line number="14" hits="1" branch="False" />
            <line number="15" hits="1" branch="False" />
            <line number="16" hits="1" branch="False" />
            <line number="17" hits="1" branch="False" />
            <line number="18" hits="1" branch="False" />
            <line number="19" hits="1" branch="False" />
            <line number="20" hits="1" branch="False" />
            <line number="21" hits="1" branch="False" />
            <line number="22" hits="1" branch="False" />
            <line number="23" hits="1" branch="False" />
            <line number="24" hits="1" branch="False" />
            <line number="25" hits="1" branch="False" />
            <line number="26" hits="1" branch="False" />
            <line number="27" hits="1" branch="False" />
            <line number="28" hits="1" branch="False" />
            <line number="29" hits="1" branch="False" />
            <line number="30" hits="1" branch="False" />
            <line number="31" hits="1" branch="False" />
            <line number="32" hits="1" branch="False" />
            <line number="33" hits="1" branch="False" />
            <line number="34" hits="1" branch="False" />
            <line number="35" hits="1" branch="False" />
            <line number="36" hits="1" branch="False" />
            <line number="37" hits="1" branch="False" />
            <line number="38" hits="1" branch="False" />
            <line number="39" hits="1" branch="False" />
          </lines>
        </class>
      </classes>
    </package>
  </packages>
</coverage>